nova-compute.log.2017-05-14_21:27:09 2017-05-14 21:07:37.102 2931 INFO nova.compute.claims [req-d6143bd4-9784-4e95-a0c8-83fba00530b6 113d3a99c3da401fbd62cc2caa5b96d2 54fadb412c4e40cdbaed9335e4c35a9e - - -] [instance: 544fd51c-4edc-4780-baae-ba1d80a0acfc] Attempting claim: memory 2048 MB, disk 20 GB, vcpus 1 CPU
nova-compute.log.2017-05-14_21:27:09 2017-05-14 21:07:37.103 2931 INFO nova.compute.claims [req-d6143bd4-9784-4e95-a0c8-83fba00530b6 113d3a99c3da401fbd62cc2caa5b96d2 54fadb412c4e40cdbaed9335e4c35a9e - - -] [instance: 544fd51c-4edc-4780-baae-ba1d80a0acfc] Total memory: 64172 MB, used: 512.00 MB
nova-compute.log.2017-05-14_21:27:09 2017-05-14 21:07:37.103 2931 INFO nova.compute.claims [req-d6143bd4-9784-4e95-a0c8-83fba00530b6 113d3a99c3da401fbd62cc2caa5b96d2 54fadb412c4e40cdbaed9335e4c35a9e - - -] [instance: 544fd51c-4edc-4780-baae-ba1d80a0acfc] memory limit: 96258.00 MB, free: 95746.00 MB
nova-compute.log.2017-05-14_21:27:09 2017-05-14 21:07:37.104 2931 INFO nova.compute.claims [req-d6143bd4-9784-4e95-a0c8-83fba00530b6 113d3a99c3da401fbd62cc2caa5b96d2 54fadb412c4e40cdbaed9335e4c35a9e - - -] [instance: 544fd51c-4edc-4780-baae-ba1d80a0acfc] Total disk: 15 GB, used: 0.00 GB
nova-compute.log.2017-05-14_21:27:09 2017-05-14 21:07:37.105 2931 INFO nova.compute.claims [req-d6143bd4-9784-4e95-a0c8-83fba00530b6 113d3a99c3da401fbd62cc2caa5b96d2 54fadb412c4e40cdbaed9335e4c35a9e - - -] [instance: 544fd51c-4edc-4780-baae-ba1d80a0acfc] disk limit not specified, defaulting to unlimited
nova-compute.log.2017-05-14_21:27:09 2017-05-14 21:07:37.105 2931 INFO nova.compute.claims [req-d6143bd4-9784-4e95-a0c8-83fba00530b6 113d3a99c3da401fbd62cc2caa5b96d2 54fadb412c4e40cdbaed9335e4c35a9e - - -] [instance: 544fd51c-4edc-4780-baae-ba1d80a0acfc] Total vcpu: 16 VCPU, used: 0.00 VCPU
nova-compute.log.2017-05-14_21:27:09 2017-05-14 21:07:37.106 2931 INFO nova.compute.claims [req-d6143bd4-9784-4e95-a0c8-83fba00530b6 113d3a99c3da401fbd62cc2caa5b96d2 54fadb412c4e40cdbaed9335e4c35a9e - - -] [instance: 544fd51c-4edc-4780-baae-ba1d80a0acfc] vcpu limit not specified, defaulting to unlimited
nova-compute.log.2017-05-14_21:27:09 2017-05-14 21:07:37.138 2931 INFO nova.compute.claims [req-d6143bd4-9784-4e95-a0c8-83fba00530b6 113d3a99c3da401fbd62cc2caa5b96d2 54fadb412c4e40cdbaed9335e4c35a9e - - -] [instance: 544fd51c-4edc-4780-baae-ba1d80a0acfc] Claim successful
nova-api.log.2017-05-14_21:27:04 2017-05-14 21:07:37.372 25746 INFO nova.osapi_compute.wsgi.server [req-208eff6b-ef32-420e-b22d-8943e1e71fee 113d3a99c3da401fbd62cc2caa5b96d2 54fadb412c4e40cdbaed9335e4c35a9e - - -] 10.11.10.1 "GET /v2/54fadb412c4e40cdbaed9335e4c35a9e/servers/544fd51c-4edc-4780-baae-ba1d80a0acfc HTTP/1.1" status: 200 len: 1708 time: 0.2008200
nova-compute.log.2017-05-14_21:27:09 2017-05-14 21:07:37.924 2931 INFO nova.virt.libvirt.driver [req-d6143bd4-9784-4e95-a0c8-83fba00530b6 113d3a99c3da401fbd62cc2caa5b96d2 54fadb412c4e40cdbaed9335e4c35a9e - - -] [instance: 544fd51c-4edc-4780-baae-ba1d80a0acfc] Creating image
nova-compute.log.2017-05-14_21:27:09 2017-05-14 21:08:12.571 2931 INFO nova.compute.manager [req-3ea4052c-895d-4b64-9e2d-04d64c4d94ab - - - - -] [instance: 544fd51c-4edc-4780-baae-ba1d80a0acfc] VM Started (Lifecycle Event)
nova-compute.log.2017-05-14_21:27:09 2017-05-14 21:08:12.636 2931 INFO nova.compute.manager [req-3ea4052c-895d-4b64-9e2d-04d64c4d94ab - - - - -] [instance: 544fd51c-4edc-4780-baae-ba1d80a0acfc] VM Paused (Lifecycle Event)
nova-compute.log.2017-05-14_21:27:09 2017-05-14 21:08:12.757 2931 INFO nova.compute.manager [req-3ea4052c-895d-4b64-9e2d-04d64c4d94ab - - - - -] [instance: 544fd51c-4edc-4780-baae-ba1d80a0acfc] During sync_power_state the instance has a pending task (spawning). Skip.
nova-api.log.2017-05-14_21:27:04 2017-05-14 21:08:19.714 25743 INFO nova.api.openstack.compute.server_external_events [req-c5e59d61-1dd8-4e5a-930e-5bd7f79d3b86 f7b8d1f1d4d44643b07fa10ca7d021fb e9746973ac574c6b8a9e8857f56a7608 - - -] Creating event network-vif-plugged:82e4a70c-9e3a-4cb8-9e51-c009c75762e5 for instance 544fd51c-4edc-4780-baae-ba1d80a0acfc
nova-compute.log.2017-05-14_21:27:09 2017-05-14 21:08:19.729 2931 INFO nova.compute.manager [req-3ea4052c-895d-4b64-9e2d-04d64c4d94ab - - - - -] [instance: 544fd51c-4edc-4780-baae-ba1d80a0acfc] VM Resumed (Lifecycle Event)
nova-compute.log.2017-05-14_21:27:09 2017-05-14 21:08:19.735 2931 INFO nova.virt.libvirt.driver [-] [instance: 544fd51c-4edc-4780-baae-ba1d80a0acfc] Instance spawned successfully.
nova-compute.log.2017-05-14_21:27:09 2017-05-14 21:08:19.736 2931 INFO nova.compute.manager [req-d6143bd4-9784-4e95-a0c8-83fba00530b6 113d3a99c3da401fbd62cc2caa5b96d2 54fadb412c4e40cdbaed9335e4c35a9e - - -] [instance: 544fd51c-4edc-4780-baae-ba1d80a0acfc] Took 41.81 seconds to spawn the instance on the hypervisor.
nova-compute.log.2017-05-14_21:27:09 2017-05-14 21:08:19.873 2931 INFO nova.compute.manager [req-3ea4052c-895d-4b64-9e2d-04d64c4d94ab - - - - -] [instance: 544fd51c-4edc-4780-baae-ba1d80a0acfc] During sync_power_state the instance has a pending task (spawning). Skip.
nova-compute.log.2017-05-14_21:27:09 2017-05-14 21:08:19.874 2931 INFO nova.compute.manager [req-3ea4052c-895d-4b64-9e2d-04d64c4d94ab - - - - -] [instance: 544fd51c-4edc-4780-baae-ba1d80a0acfc] VM Resumed (Lifecycle Event)
nova-compute.log.2017-05-14_21:27:09 2017-05-14 21:08:19.900 2931 INFO nova.compute.manager [req-d6143bd4-9784-4e95-a0c8-83fba00530b6 113d3a99c3da401fbd62cc2caa5b96d2 54fadb412c4e40cdbaed9335e4c35a9e - - -] [instance: 544fd51c-4edc-4780-baae-ba1d80a0acfc] Took 42.81 seconds to build instance.
nova-api.log.2017-05-14_21:27:04 2017-05-14 21:08:27.258 25746 INFO nova.osapi_compute.wsgi.server [req-483e1cca-e99f-4342-bee7-8b1c7a6b36e1 113d3a99c3da401fbd62cc2caa5b96d2 54fadb412c4e40cdbaed9335e4c35a9e - - -] 10.11.10.1 "DELETE /v2/54fadb412c4e40cdbaed9335e4c35a9e/servers/544fd51c-4edc-4780-baae-ba1d80a0acfc HTTP/1.1" status: 204 len: 203 time: 0.4480600
nova-compute.log.2017-05-14_21:27:09 2017-05-14 21:08:27.296 2931 INFO nova.compute.manager [req-483e1cca-e99f-4342-bee7-8b1c7a6b36e1 113d3a99c3da401fbd62cc2caa5b96d2 54fadb412c4e40cdbaed9335e4c35a9e - - -] [instance: 544fd51c-4edc-4780-baae-ba1d80a0acfc] Terminating instance
nova-compute.log.2017-05-14_21:27:09 2017-05-14 21:08:27.511 2931 INFO nova.virt.libvirt.driver [-] [instance: 544fd51c-4edc-4780-baae-ba1d80a0acfc] Instance destroyed successfully.
nova-compute.log.2017-05-14_21:27:09 2017-05-14 21:08:28.178 2931 INFO nova.virt.libvirt.driver [req-483e1cca-e99f-4342-bee7-8b1c7a6b36e1 113d3a99c3da401fbd62cc2caa5b96d2 54fadb412c4e40cdbaed9335e4c35a9e - - -] [instance: 544fd51c-4edc-4780-baae-ba1d80a0acfc] Deleting instance files /var/lib/nova/instances/544fd51c-4edc-4780-baae-ba1d80a0acfc_del
nova-compute.log.2017-05-14_21:27:09 2017-05-14 21:08:28.179 2931 INFO nova.virt.libvirt.driver [req-483e1cca-e99f-4342-bee7-8b1c7a6b36e1 113d3a99c3da401fbd62cc2caa5b96d2 54fadb412c4e40cdbaed9335e4c35a9e - - -] [instance: 544fd51c-4edc-4780-baae-ba1d80a0acfc] Deletion of /var/lib/nova/instances/544fd51c-4edc-4780-baae-ba1d80a0acfc_del complete
nova-compute.log.2017-05-14_21:27:09 2017-05-14 21:08:28.299 2931 INFO nova.compute.manager [req-483e1cca-e99f-4342-bee7-8b1c7a6b36e1 113d3a99c3da401fbd62cc2caa5b96d2 54fadb412c4e40cdbaed9335e4c35a9e - - -] [instance: 544fd51c-4edc-4780-baae-ba1d80a0acfc] Took 1.00 seconds to destroy the instance on the hypervisor.
nova-compute.log.2017-05-14_21:27:09 2017-05-14 21:08:28.836 2931 INFO nova.compute.manager [req-483e1cca-e99f-4342-bee7-8b1c7a6b36e1 113d3a99c3da401fbd62cc2caa5b96d2 54fadb412c4e40cdbaed9335e4c35a9e - - -] [instance: 544fd51c-4edc-4780-baae-ba1d80a0acfc] Took 0.54 seconds to deallocate network for instance.
nova-compute.log.2017-05-14_21:27:09 2017-05-14 21:08:40.907 2931 INFO nova.compute.claims [req-16d20912-7091-4f34-98c5-c48af9cfb809 113d3a99c3da401fbd62cc2caa5b96d2 54fadb412c4e40cdbaed9335e4c35a9e - - -] [instance: ae651dff-c7ad-43d6-ac96-bbcd820ccca8] Attempting claim: memory 2048 MB, disk 20 GB, vcpus 1 CPU
nova-compute.log.2017-05-14_21:27:09 2017-05-14 21:08:40.908 2931 INFO nova.compute.claims [req-16d20912-7091-4f34-98c5-c48af9cfb809 113d3a99c3da401fbd62cc2caa5b96d2 54fadb412c4e40cdbaed9335e4c35a9e - - -] [instance: ae651dff-c7ad-43d6-ac96-bbcd820ccca8] Total memory: 64172 MB, used: 512.00 MB
nova-compute.log.2017-05-14_21:27:09 2017-05-14 21:08:40.908 2931 INFO nova.compute.claims [req-16d20912-7091-4f34-98c5-c48af9cfb809 113d3a99c3da401fbd62cc2caa5b96d2 54fadb412c4e40cdbaed9335e4c35a9e - - -] [instance: ae651dff-c7ad-43d6-ac96-bbcd820ccca8] memory limit: 96258.00 MB, free: 95746.00 MB
nova-compute.log.2017-05-14_21:27:09 2017-05-14 21:08:40.909 2931 INFO nova.compute.claims [req-16d20912-7091-4f34-98c5-c48af9cfb809 113d3a99c3da401fbd62cc2caa5b96d2 54fadb412c4e40cdbaed9335e4c35a9e - - -] [instance: ae651dff-c7ad-43d6-ac96-bbcd820ccca8] Total disk: 15 GB, used: 0.00 GB
nova-compute.log.2017-05-14_21:27:09 2017-05-14 21:08:40.909 2931 INFO nova.compute.claims [req-16d20912-7091-4f34-98c5-c48af9cfb809 113d3a99c3da401fbd62cc2caa5b96d2 54fadb412c4e40cdbaed9335e4c35a9e - - -] [instance: ae651dff-c7ad-43d6-ac96-bbcd820ccca8] disk limit not specified, defaulting to unlimited
nova-compute.log.2017-05-14_21:27:09 2017-05-14 21:08:40.910 2931 INFO nova.compute.claims [req-16d20912-7091-4f34-98c5-c48af9cfb809 113d3a99c3da401fbd62cc2caa5b96d2 54fadb412c4e40cdbaed9335e4c35a9e - - -] [instance: ae651dff-c7ad-43d6-ac96-bbcd820ccca8] Total vcpu: 16 VCPU, used: 0.00 VCPU
nova-compute.log.2017-05-14_21:27:09 2017-05-14 21:08:40.910 2931 INFO nova.compute.claims [req-16d20912-7091-4f34-98c5-c48af9cfb809 113d3a99c3da401fbd62cc2caa5b96d2 54fadb412c4e40cdbaed9335e4c35a9e - - -] [instance: ae651dff-c7ad-43d6-ac96-bbcd820ccca8] vcpu limit not specified, defaulting to unlimited
nova-compute.log.2017-05-14_21:27:09 2017-05-14 21:08:40.950 2931 INFO nova.compute.claims [req-16d20912-7091-4f34-98c5-c48af9cfb809 113d3a99c3da401fbd62cc2caa5b96d2 54fadb412c4e40cdbaed9335e4c35a9e - - -] [instance: ae651dff-c7ad-43d6-ac96-bbcd820ccca8] Claim successful
nova-api.log.2017-05-14_21:27:04 2017-05-14 21:08:40.990 25746 INFO nova.osapi_compute.wsgi.server [req-f7e513c6-d73e-4ad4-a955-af35a0ba322b 113d3a99c3da401fbd62cc2caa5b96d2 54fadb412c4e40cdbaed9335e4c35a9e - - -] 10.11.10.1 "GET /v2/54fadb412c4e40cdbaed9335e4c35a9e/servers/ae651dff-c7ad-43d6-ac96-bbcd820ccca8 HTTP/1.1" status: 200 len: 1572 time: 0.2094500
nova-compute.log.2017-05-14_21:27:09 2017-05-14 21:08:41.622 2931 INFO nova.virt.libvirt.driver [req-16d20912-7091-4f34-98c5-c48af9cfb809 113d3a99c3da401fbd62cc2caa5b96d2 54fadb412c4e40cdbaed9335e4c35a9e - - -] [instance: ae651dff-c7ad-43d6-ac96-bbcd820ccca8] Creating image
nova-compute.log.2017-05-14_21:27:09 2017-05-14 21:08:42.508 2931 INFO nova.compute.manager [-] [instance: 544fd51c-4edc-4780-baae-ba1d80a0acfc] VM Stopped (Lifecycle Event)
nova-compute.log.2017-05-14_21:27:09 2017-05-14 21:09:04.066 2931 INFO nova.compute.manager [req-3ea4052c-895d-4b64-9e2d-04d64c4d94ab - - - - -] [instance: ae651dff-c7ad-43d6-ac96-bbcd820ccca8] VM Started (Lifecycle Event)
nova-compute.log.2017-05-14_21:27:09 2017-05-14 21:09:04.145 2931 INFO nova.compute.manager [req-3ea4052c-895d-4b64-9e2d-04d64c4d94ab - - - - -] [instance: ae651dff-c7ad-43d6-ac96-bbcd820ccca8] VM Paused (Lifecycle Event)
nova-compute.log.2017-05-14_21:27:09 2017-05-14 21:09:04.268 2931 INFO nova.compute.manager [req-3ea4052c-895d-4b64-9e2d-04d64c4d94ab - - - - -] [instance: ae651dff-c7ad-43d6-ac96-bbcd820ccca8] During sync_power_state the instance has a pending task (spawning). Skip.
nova-api.log.2017-05-14_21:27:04 2017-05-14 21:09:11.059 25743 INFO nova.api.openstack.compute.server_external_events [req-4e0465b2-0823-4bde-ad47-839f40accb2b f7b8d1f1d4d44643b07fa10ca7d021fb e9746973ac574c6b8a9e8857f56a7608 - - -] Creating event network-vif-plugged:c312aa32-7359-462f-a9fe-dd8682dfb74a for instance ae651dff-c7ad-43d6-ac96-bbcd820ccca8
nova-compute.log.2017-05-14_21:27:09 2017-05-14 21:09:11.073 2931 INFO nova.compute.manager [req-3ea4052c-895d-4b64-9e2d-04d64c4d94ab - - - - -] [instance: ae651dff-c7ad-43d6-ac96-bbcd820ccca8] VM Resumed (Lifecycle Event)
nova-compute.log.2017-05-14_21:27:09 2017-05-14 21:09:11.080 2931 INFO nova.virt.libvirt.driver [-] [instance: ae651dff-c7ad-43d6-ac96-bbcd820ccca8] Instance spawned successfully.
nova-compute.log.2017-05-14_21:27:09 2017-05-14 21:09:11.081 2931 INFO nova.compute.manager [req-16d20912-7091-4f34-98c5-c48af9cfb809 113d3a99c3da401fbd62cc2caa5b96d2 54fadb412c4e40cdbaed9335e4c35a9e - - -] [instance: ae651dff-c7ad-43d6-ac96-bbcd820ccca8] Took 29.46 seconds to spawn the instance on the hypervisor.
nova-compute.log.2017-05-14_21:27:09 2017-05-14 21:09:11.189 2931 INFO nova.compute.manager [req-3ea4052c-895d-4b64-9e2d-04d64c4d94ab - - - - -] [instance: ae651dff-c7ad-43d6-ac96-bbcd820ccca8] During sync_power_state the instance has a pending task (spawning). Skip.
nova-compute.log.2017-05-14_21:27:09 2017-05-14 21:09:11.189 2931 INFO nova.compute.manager [req-3ea4052c-895d-4b64-9e2d-04d64c4d94ab - - - - -] [instance: ae651dff-c7ad-43d6-ac96-bbcd820ccca8] VM Resumed (Lifecycle Event)
nova-compute.log.2017-05-14_21:27:09 2017-05-14 21:09:11.213 2931 INFO nova.compute.manager [req-16d20912-7091-4f34-98c5-c48af9cfb809 113d3a99c3da401fbd62cc2caa5b96d2 54fadb412c4e40cdbaed9335e4c35a9e - - -] [instance: ae651dff-c7ad-43d6-ac96-bbcd820ccca8] Took 30.32 seconds to build instance.
nova-api.log.2017-05-14_21:27:04 2017-05-14 21:09:18.335 25746 INFO nova.osapi_compute.wsgi.server [req-0b12097e-0fb6-4027-a9e5-2ca95ddf35f6 113d3a99c3da401fbd62cc2caa5b96d2 54fadb412c4e40cdbaed9335e4c35a9e - - -] 10.11.10.1 "DELETE /v2/54fadb412c4e40cdbaed9335e4c35a9e/servers/ae651dff-c7ad-43d6-ac96-bbcd820ccca8 HTTP/1.1" status: 204 len: 203 time: 0.2960041
nova-compute.log.2017-05-14_21:27:09 2017-05-14 21:09:18.366 2931 INFO nova.compute.manager [req-0b12097e-0fb6-4027-a9e5-2ca95ddf35f6 113d3a99c3da401fbd62cc2caa5b96d2 54fadb412c4e40cdbaed9335e4c35a9e - - -] [instance: ae651dff-c7ad-43d6-ac96-bbcd820ccca8] Terminating instance
nova-compute.log.2017-05-14_21:27:09 2017-05-14 21:09:18.581 2931 INFO nova.virt.libvirt.driver [-] [instance: ae651dff-c7ad-43d6-ac96-bbcd820ccca8] Instance destroyed successfully.
nova-compute.log.2017-05-14_21:27:09 2017-05-14 21:09:19.282 2931 INFO nova.virt.libvirt.driver [req-0b12097e-0fb6-4027-a9e5-2ca95ddf35f6 113d3a99c3da401fbd62cc2caa5b96d2 54fadb412c4e40cdbaed9335e4c35a9e - - -] [instance: ae651dff-c7ad-43d6-ac96-bbcd820ccca8] Deleting instance files /var/lib/nova/instances/ae651dff-c7ad-43d6-ac96-bbcd820ccca8_del
nova-compute.log.2017-05-14_21:27:09 2017-05-14 21:09:19.285 2931 INFO nova.virt.libvirt.driver [req-0b12097e-0fb6-4027-a9e5-2ca95ddf35f6 113d3a99c3da401fbd62cc2caa5b96d2 54fadb412c4e40cdbaed9335e4c35a9e - - -] [instance: ae651dff-c7ad-43d6-ac96-bbcd820ccca8] Deletion of /var/lib/nova/instances/ae651dff-c7ad-43d6-ac96-bbcd820ccca8_del complete
nova-compute.log.2017-05-14_21:27:09 2017-05-14 21:09:19.401 2931 INFO nova.compute.manager [req-0b12097e-0fb6-4027-a9e5-2ca95ddf35f6 113d3a99c3da401fbd62cc2caa5b96d2 54fadb412c4e40cdbaed9335e4c35a9e - - -] [instance: ae651dff-c7ad-43d6-ac96-bbcd820ccca8] Took 1.03 seconds to destroy the instance on the hypervisor.
nova-compute.log.2017-05-14_21:27:09 2017-05-14 21:09:19.846 2931 INFO nova.compute.manager [req-0b12097e-0fb6-4027-a9e5-2ca95ddf35f6 113d3a99c3da401fbd62cc2caa5b96d2 54fadb412c4e40cdbaed9335e4c35a9e - - -] [instance: ae651dff-c7ad-43d6-ac96-bbcd820ccca8] Took 0.44 seconds to deallocate network for instance.
nova-compute.log.2017-05-14_21:27:09 2017-05-14 21:09:33.816 2931 INFO nova.compute.manager [-] [instance: ae651dff-c7ad-43d6-ac96-bbcd820ccca8] VM Stopped (Lifecycle Event)
nova-compute.log.2017-05-14_21:56:26 2017-05-14 21:42:42.319 2931 INFO nova.compute.claims [req-5b5b0c22-ccce-41fc-8438-ceb520b5a8c2 113d3a99c3da401fbd62cc2caa5b96d2 54fadb412c4e40cdbaed9335e4c35a9e - - -] [instance: a445709b-6ad0-40ec-8860-bec60b6ca0c2] Attempting claim: memory 2048 MB, disk 20 GB, vcpus 1 CPU
nova-compute.log.2017-05-14_21:56:26 2017-05-14 21:42:42.320 2931 INFO nova.compute.claims [req-5b5b0c22-ccce-41fc-8438-ceb520b5a8c2 113d3a99c3da401fbd62cc2caa5b96d2 54fadb412c4e40cdbaed9335e4c35a9e - - -] [instance: a445709b-6ad0-40ec-8860-bec60b6ca0c2] Total memory: 64172 MB, used: 512.00 MB
nova-compute.log.2017-05-14_21:56:26 2017-05-14 21:42:42.321 2931 INFO nova.compute.claims [req-5b5b0c22-ccce-41fc-8438-ceb520b5a8c2 113d3a99c3da401fbd62cc2caa5b96d2 54fadb412c4e40cdbaed9335e4c35a9e - - -] [instance: a445709b-6ad0-40ec-8860-bec60b6ca0c2] memory limit: 96258.00 MB, free: 95746.00 MB
nova-compute.log.2017-05-14_21:56:26 2017-05-14 21:42:42.322 2931 INFO nova.compute.claims [req-5b5b0c22-ccce-41fc-8438-ceb520b5a8c2 113d3a99c3da401fbd62cc2caa5b96d2 54fadb412c4e40cdbaed9335e4c35a9e - - -] [instance: a445709b-6ad0-40ec-8860-bec60b6ca0c2] Total disk: 15 GB, used: 0.00 GB
nova-compute.log.2017-05-14_21:56:26 2017-05-14 21:42:42.324 2931 INFO nova.compute.claims [req-5b5b0c22-ccce-41fc-8438-ceb520b5a8c2 113d3a99c3da401fbd62cc2caa5b96d2 54fadb412c4e40cdbaed9335e4c35a9e - - -] [instance: a445709b-6ad0-40ec-8860-bec60b6ca0c2] disk limit not specified, defaulting to unlimited
nova-compute.log.2017-05-14_21:56:26 2017-05-14 21:42:42.324 2931 INFO nova.compute.claims [req-5b5b0c22-ccce-41fc-8438-ceb520b5a8c2 113d3a99c3da401fbd62cc2caa5b96d2 54fadb412c4e40cdbaed9335e4c35a9e - - -] [instance: a445709b-6ad0-40ec-8860-bec60b6ca0c2] Total vcpu: 16 VCPU, used: 0.00 VCPU
nova-compute.log.2017-05-14_21:56:26 2017-05-14 21:42:42.325 2931 INFO nova.compute.claims [req-5b5b0c22-ccce-41fc-8438-ceb520b5a8c2 113d3a99c3da401fbd62cc2caa5b96d2 54fadb412c4e40cdbaed9335e4c35a9e - - -] [instance: a445709b-6ad0-40ec-8860-bec60b6ca0c2] vcpu limit not specified, defaulting to unlimited
nova-compute.log.2017-05-14_21:56:26 2017-05-14 21:42:42.360 2931 INFO nova.compute.claims [req-5b5b0c22-ccce-41fc-8438-ceb520b5a8c2 113d3a99c3da401fbd62cc2caa5b96d2 54fadb412c4e40cdbaed9335e4c35a9e - - -] [instance: a445709b-6ad0-40ec-8860-bec60b6ca0c2] Claim successful
nova-api.log.2017-05-14_21:56:07 2017-05-14 21:42:42.378 25746 INFO nova.osapi_compute.wsgi.server [req-024c02d3-1971-4a96-bd92-a94de56beaa4 113d3a99c3da401fbd62cc2caa5b96d2 54fadb412c4e40cdbaed9335e4c35a9e - - -] 10.11.10.1 "GET /v2/54fadb412c4e40cdbaed9335e4c35a9e/servers/a445709b-6ad0-40ec-8860-bec60b6ca0c2 HTTP/1.1" status: 200 len: 1580 time: 0.1870451
nova-compute.log.2017-05-14_21:56:26 2017-05-14 21:42:43.044 2931 INFO nova.virt.libvirt.driver [req-5b5b0c22-ccce-41fc-8438-ceb520b5a8c2 113d3a99c3da401fbd62cc2caa5b96d2 54fadb412c4e40cdbaed9335e4c35a9e - - -] [instance: a445709b-6ad0-40ec-8860-bec60b6ca0c2] Creating image
nova-compute.log.2017-05-14_21:56:26 2017-05-14 21:43:27.498 2931 INFO nova.compute.manager [req-3ea4052c-895d-4b64-9e2d-04d64c4d94ab - - - - -] [instance: a445709b-6ad0-40ec-8860-bec60b6ca0c2] VM Started (Lifecycle Event)
nova-compute.log.2017-05-14_21:56:26 2017-05-14 21:43:27.561 2931 INFO nova.compute.manager [req-3ea4052c-895d-4b64-9e2d-04d64c4d94ab - - - - -] [instance: a445709b-6ad0-40ec-8860-bec60b6ca0c2] VM Paused (Lifecycle Event)
nova-compute.log.2017-05-14_21:56:26 2017-05-14 21:43:27.679 2931 INFO nova.compute.manager [req-3ea4052c-895d-4b64-9e2d-04d64c4d94ab - - - - -] [instance: a445709b-6ad0-40ec-8860-bec60b6ca0c2] During sync_power_state the instance has a pending task (spawning). Skip.
nova-api.log.2017-05-14_21:56:07 2017-05-14 21:43:33.736 25743 INFO nova.api.openstack.compute.server_external_events [req-ad365bd6-39b3-4a13-8df7-6afe98a4e195 f7b8d1f1d4d44643b07fa10ca7d021fb e9746973ac574c6b8a9e8857f56a7608 - - -] Creating event network-vif-plugged:bf282979-a02f-4623-b074-9e29131ca97a for instance a445709b-6ad0-40ec-8860-bec60b6ca0c2
nova-compute.log.2017-05-14_21:56:26 2017-05-14 21:43:33.752 2931 INFO nova.compute.manager [req-3ea4052c-895d-4b64-9e2d-04d64c4d94ab - - - - -] [instance: a445709b-6ad0-40ec-8860-bec60b6ca0c2] VM Resumed (Lifecycle Event)
nova-compute.log.2017-05-14_21:56:26 2017-05-14 21:43:33.761 2931 INFO nova.virt.libvirt.driver [-] [instance: a445709b-6ad0-40ec-8860-bec60b6ca0c2] Instance spawned successfully.
nova-compute.log.2017-05-14_21:56:26 2017-05-14 21:43:33.762 2931 INFO nova.compute.manager [req-5b5b0c22-ccce-41fc-8438-ceb520b5a8c2 113d3a99c3da401fbd62cc2caa5b96d2 54fadb412c4e40cdbaed9335e4c35a9e - - -] [instance: a445709b-6ad0-40ec-8860-bec60b6ca0c2] Took 50.72 seconds to spawn the instance on the hypervisor.
nova-compute.log.2017-05-14_21:56:26 2017-05-14 21:43:33.869 2931 INFO nova.compute.manager [req-3ea4052c-895d-4b64-9e2d-04d64c4d94ab - - - - -] [instance: a445709b-6ad0-40ec-8860-bec60b6ca0c2] During sync_power_state the instance has a pending task (spawning). Skip.
nova-compute.log.2017-05-14_21:56:26 2017-05-14 21:43:33.870 2931 INFO nova.compute.manager [req-3ea4052c-895d-4b64-9e2d-04d64c4d94ab - - - - -] [instance: a445709b-6ad0-40ec-8860-bec60b6ca0c2] VM Resumed (Lifecycle Event)
nova-compute.log.2017-05-14_21:56:26 2017-05-14 21:43:33.901 2931 INFO nova.compute.manager [req-5b5b0c22-ccce-41fc-8438-ceb520b5a8c2 113d3a99c3da401fbd62cc2caa5b96d2 54fadb412c4e40cdbaed9335e4c35a9e - - -] [instance: a445709b-6ad0-40ec-8860-bec60b6ca0c2] Took 51.59 seconds to build instance.
nova-api.log.2017-05-14_21:56:07 2017-05-14 21:43:41.514 25746 INFO nova.osapi_compute.wsgi.server [req-2284fb7f-2e72-4592-a21e-d7c12479ebda 113d3a99c3da401fbd62cc2caa5b96d2 54fadb412c4e40cdbaed9335e4c35a9e - - -] 10.11.10.1 "DELETE /v2/54fadb412c4e40cdbaed9335e4c35a9e/servers/a445709b-6ad0-40ec-8860-bec60b6ca0c2 HTTP/1.1" status: 204 len: 203 time: 0.3141339
nova-compute.log.2017-05-14_21:56:26 2017-05-14 21:43:41.553 2931 INFO nova.compute.manager [req-2284fb7f-2e72-4592-a21e-d7c12479ebda 113d3a99c3da401fbd62cc2caa5b96d2 54fadb412c4e40cdbaed9335e4c35a9e - - -] [instance: a445709b-6ad0-40ec-8860-bec60b6ca0c2] Terminating instance
nova-compute.log.2017-05-14_21:56:26 2017-05-14 21:43:41.771 2931 INFO nova.virt.libvirt.driver [-] [instance: a445709b-6ad0-40ec-8860-bec60b6ca0c2] Instance destroyed successfully.
nova-compute.log.2017-05-14_21:56:26 2017-05-14 21:43:42.454 2931 INFO nova.virt.libvirt.driver [req-2284fb7f-2e72-4592-a21e-d7c12479ebda 113d3a99c3da401fbd62cc2caa5b96d2 54fadb412c4e40cdbaed9335e4c35a9e - - -] [instance: a445709b-6ad0-40ec-8860-bec60b6ca0c2] Deleting instance files /var/lib/nova/instances/a445709b-6ad0-40ec-8860-bec60b6ca0c2_del
nova-compute.log.2017-05-14_21:56:26 2017-05-14 21:43:42.456 2931 INFO nova.virt.libvirt.driver [req-2284fb7f-2e72-4592-a21e-d7c12479ebda 113d3a99c3da401fbd62cc2caa5b96d2 54fadb412c4e40cdbaed9335e4c35a9e - - -] [instance: a445709b-6ad0-40ec-8860-bec60b6ca0c2] Deletion of /var/lib/nova/instances/a445709b-6ad0-40ec-8860-bec60b6ca0c2_del complete
nova-compute.log.2017-05-14_21:56:26 2017-05-14 21:43:42.575 2931 INFO nova.compute.manager [req-2284fb7f-2e72-4592-a21e-d7c12479ebda 113d3a99c3da401fbd62cc2caa5b96d2 54fadb412c4e40cdbaed9335e4c35a9e - - -] [instance: a445709b-6ad0-40ec-8860-bec60b6ca0c2] Took 1.02 seconds to destroy the instance on the hypervisor.
nova-compute.log.2017-05-14_21:56:26 2017-05-14 21:43:43.198 2931 INFO nova.compute.manager [req-2284fb7f-2e72-4592-a21e-d7c12479ebda 113d3a99c3da401fbd62cc2caa5b96d2 54fadb412c4e40cdbaed9335e4c35a9e - - -] [instance: a445709b-6ad0-40ec-8860-bec60b6ca0c2] Took 0.62 seconds to deallocate network for instance.
nova-compute.log.2017-05-14_21:56:26 2017-05-14 21:43:56.880 2931 INFO nova.compute.manager [-] [instance: a445709b-6ad0-40ec-8860-bec60b6ca0c2] VM Stopped (Lifecycle Event)
nova-compute.log.2017-05-14_21:56:26 2017-05-14 21:46:48.622 2931 INFO nova.compute.claims [req-1f32a51e-24e0-4848-9e29-14127a9a6d9a 113d3a99c3da401fbd62cc2caa5b96d2 54fadb412c4e40cdbaed9335e4c35a9e - - -] [instance: 1643649d-2f42-4303-bfcd-7798baec19f9] Attempting claim: memory 2048 MB, disk 20 GB, vcpus 1 CPU
nova-compute.log.2017-05-14_21:56:26 2017-05-14 21:46:48.624 2931 INFO nova.compute.claims [req-1f32a51e-24e0-4848-9e29-14127a9a6d9a 113d3a99c3da401fbd62cc2caa5b96d2 54fadb412c4e40cdbaed9335e4c35a9e - - -] [instance: 1643649d-2f42-4303-bfcd-7798baec19f9] Total memory: 64172 MB, used: 512.00 MB
nova-compute.log.2017-05-14_21:56:26 2017-05-14 21:46:48.624 2931 INFO nova.compute.claims [req-1f32a51e-24e0-4848-9e29-14127a9a6d9a 113d3a99c3da401fbd62cc2caa5b96d2 54fadb412c4e40cdbaed9335e4c35a9e - - -] [instance: 1643649d-2f42-4303-bfcd-7798baec19f9] memory limit: 96258.00 MB, free: 95746.00 MB
nova-compute.log.2017-05-14_21:56:26 2017-05-14 21:46:48.625 2931 INFO nova.compute.claims [req-1f32a51e-24e0-4848-9e29-14127a9a6d9a 113d3a99c3da401fbd62cc2caa5b96d2 54fadb412c4e40cdbaed9335e4c35a9e - - -] [instance: 1643649d-2f42-4303-bfcd-7798baec19f9] Total disk: 15 GB, used: 0.00 GB
nova-compute.log.2017-05-14_21:56:26 2017-05-14 21:46:48.625 2931 INFO nova.compute.claims [req-1f32a51e-24e0-4848-9e29-14127a9a6d9a 113d3a99c3da401fbd62cc2caa5b96d2 54fadb412c4e40cdbaed9335e4c35a9e - - -] [instance: 1643649d-2f42-4303-bfcd-7798baec19f9] disk limit not specified, defaulting to unlimited
nova-compute.log.2017-05-14_21:56:26 2017-05-14 21:46:48.626 2931 INFO nova.compute.claims [req-1f32a51e-24e0-4848-9e29-14127a9a6d9a 113d3a99c3da401fbd62cc2caa5b96d2 54fadb412c4e40cdbaed9335e4c35a9e - - -] [instance: 1643649d-2f42-4303-bfcd-7798baec19f9] Total vcpu: 16 VCPU, used: 0.00 VCPU
nova-compute.log.2017-05-14_21:56:26 2017-05-14 21:46:48.626 2931 INFO nova.compute.claims [req-1f32a51e-24e0-4848-9e29-14127a9a6d9a 113d3a99c3da401fbd62cc2caa5b96d2 54fadb412c4e40cdbaed9335e4c35a9e - - -] [instance: 1643649d-2f42-4303-bfcd-7798baec19f9] vcpu limit not specified, defaulting to unlimited
nova-compute.log.2017-05-14_21:56:26 2017-05-14 21:46:48.659 2931 INFO nova.compute.claims [req-1f32a51e-24e0-4848-9e29-14127a9a6d9a 113d3a99c3da401fbd62cc2caa5b96d2 54fadb412c4e40cdbaed9335e4c35a9e - - -] [instance: 1643649d-2f42-4303-bfcd-7798baec19f9] Claim successful
nova-api.log.2017-05-14_21:56:07 2017-05-14 21:46:48.858 25746 INFO nova.osapi_compute.wsgi.server [req-d756f36f-1987-4168-8449-2f2a63cb37d1 113d3a99c3da401fbd62cc2caa5b96d2 54fadb412c4e40cdbaed9335e4c35a9e - - -] 10.11.10.1 "GET /v2/54fadb412c4e40cdbaed9335e4c35a9e/servers/1643649d-2f42-4303-bfcd-7798baec19f9 HTTP/1.1" status: 200 len: 1708 time: 0.1780660
nova-compute.log.2017-05-14_21:56:26 2017-05-14 21:46:49.328 2931 INFO nova.virt.libvirt.driver [req-1f32a51e-24e0-4848-9e29-14127a9a6d9a 113d3a99c3da401fbd62cc2caa5b96d2 54fadb412c4e40cdbaed9335e4c35a9e - - -] [instance: 1643649d-2f42-4303-bfcd-7798baec19f9] Creating image
nova-compute.log.2017-05-14_21:56:26 2017-05-14 21:47:14.545 2931 INFO nova.compute.manager [req-3ea4052c-895d-4b64-9e2d-04d64c4d94ab - - - - -] [instance: 1643649d-2f42-4303-bfcd-7798baec19f9] VM Started (Lifecycle Event)
nova-compute.log.2017-05-14_21:56:26 2017-05-14 21:47:14.603 2931 INFO nova.compute.manager [req-3ea4052c-895d-4b64-9e2d-04d64c4d94ab - - - - -] [instance: 1643649d-2f42-4303-bfcd-7798baec19f9] VM Paused (Lifecycle Event)
nova-compute.log.2017-05-14_21:56:26 2017-05-14 21:47:14.721 2931 INFO nova.compute.manager [req-3ea4052c-895d-4b64-9e2d-04d64c4d94ab - - - - -] [instance: 1643649d-2f42-4303-bfcd-7798baec19f9] During sync_power_state the instance has a pending task (spawning). Skip.
nova-api.log.2017-05-14_21:56:07 2017-05-14 21:47:20.567 25743 INFO nova.api.openstack.compute.server_external_events [req-2cf27714-84ca-4ed2-a72b-65b5b9361d97 f7b8d1f1d4d44643b07fa10ca7d021fb e9746973ac574c6b8a9e8857f56a7608 - - -] Creating event network-vif-plugged:652c71fd-4962-4fcf-84ea-47a046824022 for instance 1643649d-2f42-4303-bfcd-7798baec19f9
nova-compute.log.2017-05-14_21:56:26 2017-05-14 21:47:20.583 2931 INFO nova.compute.manager [req-3ea4052c-895d-4b64-9e2d-04d64c4d94ab - - - - -] [instance: 1643649d-2f42-4303-bfcd-7798baec19f9] VM Resumed (Lifecycle Event)
nova-compute.log.2017-05-14_21:56:26 2017-05-14 21:47:20.592 2931 INFO nova.virt.libvirt.driver [-] [instance: 1643649d-2f42-4303-bfcd-7798baec19f9] Instance spawned successfully.
nova-compute.log.2017-05-14_21:56:26 2017-05-14 21:47:20.593 2931 INFO nova.compute.manager [req-1f32a51e-24e0-4848-9e29-14127a9a6d9a 113d3a99c3da401fbd62cc2caa5b96d2 54fadb412c4e40cdbaed9335e4c35a9e - - -] [instance: 1643649d-2f42-4303-bfcd-7798baec19f9] Took 31.27 seconds to spawn the instance on the hypervisor.
nova-compute.log.2017-05-14_21:56:26 2017-05-14 21:47:20.705 2931 INFO nova.compute.manager [req-3ea4052c-895d-4b64-9e2d-04d64c4d94ab - - - - -] [instance: 1643649d-2f42-4303-bfcd-7798baec19f9] During sync_power_state the instance has a pending task (spawning). Skip.
nova-compute.log.2017-05-14_21:56:26 2017-05-14 21:47:20.706 2931 INFO nova.compute.manager [req-3ea4052c-895d-4b64-9e2d-04d64c4d94ab - - - - -] [instance: 1643649d-2f42-4303-bfcd-7798baec19f9] VM Resumed (Lifecycle Event)
nova-compute.log.2017-05-14_21:56:26 2017-05-14 21:47:20.726 2931 INFO nova.compute.manager [req-1f32a51e-24e0-4848-9e29-14127a9a6d9a 113d3a99c3da401fbd62cc2caa5b96d2 54fadb412c4e40cdbaed9335e4c35a9e - - -] [instance: 1643649d-2f42-4303-bfcd-7798baec19f9] Took 32.12 seconds to build instance.
nova-api.log.2017-05-14_21:56:07 2017-05-14 21:47:27.776 25746 INFO nova.osapi_compute.wsgi.server [req-a5e83dff-2f62-4cc8-abec-ea9cdd87e874 113d3a99c3da401fbd62cc2caa5b96d2 54fadb412c4e40cdbaed9335e4c35a9e - - -] 10.11.10.1 "DELETE /v2/54fadb412c4e40cdbaed9335e4c35a9e/servers/1643649d-2f42-4303-bfcd-7798baec19f9 HTTP/1.1" status: 204 len: 203 time: 0.2405529
nova-compute.log.2017-05-14_21:56:26 2017-05-14 21:47:27.813 2931 INFO nova.compute.manager [req-a5e83dff-2f62-4cc8-abec-ea9cdd87e874 113d3a99c3da401fbd62cc2caa5b96d2 54fadb412c4e40cdbaed9335e4c35a9e - - -] [instance: 1643649d-2f42-4303-bfcd-7798baec19f9] Terminating instance
nova-compute.log.2017-05-14_21:56:26 2017-05-14 21:47:28.030 2931 INFO nova.virt.libvirt.driver [-] [instance: 1643649d-2f42-4303-bfcd-7798baec19f9] Instance destroyed successfully.
nova-compute.log.2017-05-14_21:56:26 2017-05-14 21:47:28.714 2931 INFO nova.virt.libvirt.driver [req-a5e83dff-2f62-4cc8-abec-ea9cdd87e874 113d3a99c3da401fbd62cc2caa5b96d2 54fadb412c4e40cdbaed9335e4c35a9e - - -] [instance: 1643649d-2f42-4303-bfcd-7798baec19f9] Deleting instance files /var/lib/nova/instances/1643649d-2f42-4303-bfcd-7798baec19f9_del
nova-compute.log.2017-05-14_21:56:26 2017-05-14 21:47:28.717 2931 INFO nova.virt.libvirt.driver [req-a5e83dff-2f62-4cc8-abec-ea9cdd87e874 113d3a99c3da401fbd62cc2caa5b96d2 54fadb412c4e40cdbaed9335e4c35a9e - - -] [instance: 1643649d-2f42-4303-bfcd-7798baec19f9] Deletion of /var/lib/nova/instances/1643649d-2f42-4303-bfcd-7798baec19f9_del complete
nova-compute.log.2017-05-14_21:56:26 2017-05-14 21:47:28.841 2931 INFO nova.compute.manager [req-a5e83dff-2f62-4cc8-abec-ea9cdd87e874 113d3a99c3da401fbd62cc2caa5b96d2 54fadb412c4e40cdbaed9335e4c35a9e - - -] [instance: 1643649d-2f42-4303-bfcd-7798baec19f9] Took 1.02 seconds to destroy the instance on the hypervisor.
nova-compute.log.2017-05-14_21:56:26 2017-05-14 21:47:29.282 2931 INFO nova.compute.manager [req-a5e83dff-2f62-4cc8-abec-ea9cdd87e874 113d3a99c3da401fbd62cc2caa5b96d2 54fadb412c4e40cdbaed9335e4c35a9e - - -] [instance: 1643649d-2f42-4303-bfcd-7798baec19f9] Took 0.44 seconds to deallocate network for instance.
nova-compute.log.2017-05-14_21:56:26 2017-05-14 21:47:43.028 2931 INFO nova.compute.manager [-] [instance: 1643649d-2f42-4303-bfcd-7798baec19f9] VM Stopped (Lifecycle Event)
